\BOOKMARK [1][-]{section.1}{\376\377\000I\000n\000t\000r\000o\000d\000u\000z\000i\000o\000n\000e}{}% 1
\BOOKMARK [1][-]{section.2}{\376\377\000D\000a\000t\000i\000\040\000I\000n\000\040\000J\000a\000v\000a}{}% 2
\BOOKMARK [2][-]{subsection.2.1}{\376\377\000T\000i\000p\000i\000\040\000d\000i\000\040\000d\000a\000t\000o}{section.2}% 3
\BOOKMARK [2][-]{subsection.2.2}{\376\377\000C\000o\000n\000v\000e\000r\000s\000i\000o\000n\000i\000\040\000d\000i\000\040\000t\000i\000p\000o}{section.2}% 4
\BOOKMARK [3][-]{subsubsection.2.2.1}{\376\377\000c\000a\000r\000a\000t\000t\000e\000r\000i\000\040\000e\000\040\000s\000t\000r\000i\000n\000g\000h\000e}{subsection.2.2}% 5
\BOOKMARK [3][-]{subsubsection.2.2.2}{\376\377\000b\000o\000o\000l\000e\000a\000n\000o}{subsection.2.2}% 6
\BOOKMARK [3][-]{subsubsection.2.2.3}{\376\377\000o\000p\000e\000r\000a\000t\000o\000r\000i\000\040\000d\000i\000\040\000c\000o\000n\000f\000r\000o\000n\000t\000o}{subsection.2.2}% 7
\BOOKMARK [3][-]{subsubsection.2.2.4}{\376\377\000C\000o\000n\000s\000a\000p\000e\000v\000o\000l\000e\000z\000z\000a\000\040\000d\000e\000l\000\040\000t\000i\000p\000o\000\040\000d\000i\000\040\000d\000a\000t\000o}{subsection.2.2}% 8
\BOOKMARK [1][-]{section.3}{\376\377\000J\000R\000E\000\040\000e\000\040\000J\000D\000K}{}% 9
\BOOKMARK [1][-]{section.4}{\376\377\000H\000e\000l\000l\000o\000\040\000W\000o\000r\000l\000d}{}% 10
\BOOKMARK [1][-]{section.5}{\376\377\000P\000r\000o\000g\000r\000a\000m\000m\000a\000z\000i\000o\000n\000e\000\040\000O\000r\000i\000e\000n\000t\000a\000t\000a\000\040\000a\000g\000l\000i\000\040\000O\000g\000g\000e\000t\000t\000i}{}% 11
\BOOKMARK [1][-]{section.6}{\376\377\000C\000l\000a\000s\000s\000i\000\040\000e\000\040\000O\000g\000g\000e\000t\000t\000i}{}% 12
\BOOKMARK [2][-]{subsection.6.1}{\376\377\000C\000a\000m\000p\000i}{section.6}% 13
\BOOKMARK [2][-]{subsection.6.2}{\376\377\000M\000e\000t\000o\000d\000i}{section.6}% 14
\BOOKMARK [3][-]{subsubsection.6.2.1}{\376\377\000C\000o\000s\000t\000r\000u\000t\000t\000o\000r\000i}{subsection.6.2}% 15
\BOOKMARK [3][-]{subsubsection.6.2.2}{\376\377\000C\000h\000i\000a\000m\000a\000t\000a\000\040\000d\000i\000\040\000u\000n\000\040\000m\000e\000t\000o\000d\000o}{subsection.6.2}% 16
\BOOKMARK [2][-]{subsection.6.3}{\376\377\000D\000i\000f\000f\000e\000r\000e\000n\000z\000a\000\040\000t\000r\000a\000\040\000v\000a\000r\000i\000a\000b\000i\000l\000i\000\040\000l\000o\000c\000a\000l\000i\000\040\000e\000\040\000c\000a\000m\000p\000i}{section.6}% 17
\BOOKMARK [1][-]{section.7}{\376\377\000I\000n\000c\000a\000p\000s\000u\000l\000a\000m\000e\000n\000t\000o\000\040\000e\000\040\000i\000n\000i\000z\000i\000a\000l\000i\000z\000z\000a\000z\000i\000o\000n\000e\000\040\000d\000i\000\040\000d\000e\000f\000a\000u\000l\000t}{}% 18
\BOOKMARK [2][-]{subsection.7.1}{\376\377\000I\000n\000c\000a\000p\000s\000u\000l\000a\000m\000e\000n\000t\000o}{section.7}% 19
\BOOKMARK [3][-]{subsubsection.7.1.1}{\376\377\000I\000n\000i\000z\000i\000a\000l\000i\000z\000z\000a\000z\000i\000o\000n\000e\000\040\000I\000m\000p\000l\000i\000c\000i\000t\000a}{subsection.7.1}% 20
\BOOKMARK [1][-]{section.8}{\376\377\000L\000a\000\040\000c\000l\000a\000s\000s\000e\000\040\000S\000t\000r\000i\000n\000g}{}% 21
\BOOKMARK [2][-]{subsection.8.1}{\376\377\000S\000t\000r\000i\000n\000g\000h\000e\000\040\000i\000n\000\040\000J\000a\000v\000a}{section.8}% 22
\BOOKMARK [2][-]{subsection.8.2}{\376\377\000O\000p\000e\000r\000a\000z\000i\000o\000n\000i\000\040\000s\000u\000l\000l\000e\000\040\000S\000t\000r\000i\000n\000g\000h\000e}{section.8}% 23
\BOOKMARK [2][-]{subsection.8.3}{\376\377\000S\000t\000r\000i\000n\000g\000B\000u\000i\000l\000d\000e\000r\000\040\000e\000\040\000S\000t\000r\000i\000n\000g\000B\000u\000f\000f\000e\000r}{section.8}% 24
\BOOKMARK [2][-]{subsection.8.4}{\376\377\000C\000o\000n\000f\000r\000o\000n\000t\000a\000r\000e\000\040\000S\000t\000r\000i\000n\000g\000h\000e}{section.8}% 25
\BOOKMARK [1][-]{section.9}{\376\377\000R\000i\000f\000e\000r\000i\000m\000e\000n\000t\000i\000\040\000a\000\040\000O\000g\000g\000e\000t\000t\000i}{}% 26
\BOOKMARK [2][-]{subsection.9.1}{\376\377\000R\000i\000f\000e\000r\000i\000m\000e\000n\000t\000i}{section.9}% 27
\BOOKMARK [3][-]{subsubsection.9.1.1}{\376\377\000T\000r\000e\000\040\000p\000a\000s\000s\000a\000g\000g\000i\000\040\000p\000e\000r\000\040\000c\000r\000e\000a\000r\000e\000\040\000u\000n\000\040\000o\000g\000g\000e\000t\000t\000o}{subsection.9.1}% 28
\BOOKMARK [2][-]{subsection.9.2}{\376\377\000A\000n\000a\000t\000o\000m\000i\000a\000\040\000d\000e\000l\000l\000a\000\040\000M\000e\000m\000o\000r\000i\000a\000\040\000:\000\040\000S\000t\000a\000c\000k\000\040\000e\000\040\000H\000e\000a\000p}{section.9}% 29
\BOOKMARK [2][-]{subsection.9.3}{\376\377\000M\000e\000t\000o\000d\000i\000\040\000S\000t\000a\000t\000i\000c\000i}{section.9}% 30
\BOOKMARK [1][-]{section.10}{\376\377\000E\000r\000e\000d\000i\000t\000a\000r\000i\000e\000t\000\340}{}% 31
\BOOKMARK [2][-]{subsection.10.1}{\376\377\000E\000r\000e\000d\000i\000t\000a\000r\000i\000e\000t\000\340}{section.10}% 32
\BOOKMARK [2][-]{subsection.10.2}{\376\377\000C\000l\000a\000s\000s\000i\000\040\000G\000e\000n\000i\000t\000o\000r\000e\000\040\000e\000\040\000C\000l\000a\000s\000s\000i\000\040\000F\000i\000g\000l\000i\000o}{section.10}% 33
\BOOKMARK [2][-]{subsection.10.3}{\376\377\000C\000l\000a\000s\000s\000i\000\040\000A\000s\000t\000r\000a\000t\000t\000e}{section.10}% 34
\BOOKMARK [2][-]{subsection.10.4}{\376\377\000T\000h\000i\000s\000\040\000e\000\040\000S\000u\000p\000e\000r}{section.10}% 35
\BOOKMARK [2][-]{subsection.10.5}{\376\377\000D\000i\000f\000f\000e\000r\000e\000n\000z\000a\000\040\000t\000r\000a\000\040\000O\000v\000e\000r\000l\000o\000a\000d\000i\000n\000g\000\040\000e\000\040\000O\000v\000e\000r\000r\000i\000d\000i\000n\000g}{section.10}% 36
\BOOKMARK [2][-]{subsection.10.6}{\376\377\000M\000o\000d\000i\000f\000i\000c\000a\000t\000o\000r\000i\000\040\000d\000i\000\040\000V\000i\000s\000i\000b\000i\000l\000i\000t\000\340}{section.10}% 37
\BOOKMARK [2][-]{subsection.10.7}{\376\377\000i\000s\000\040\000a\000\040\000v\000s\000\040\000h\000a\000s\000\040\000a}{section.10}% 38
\BOOKMARK [1][-]{section.11}{\376\377\000P\000o\000l\000i\000m\000o\000r\000f\000i\000s\000m\000o}{}% 39
\BOOKMARK [2][-]{subsection.11.1}{\376\377\000P\000o\000l\000i\000m\000o\000r\000f\000i\000s\000m\000o}{section.11}% 40
\BOOKMARK [2][-]{subsection.11.2}{\376\377\000B\000i\000n\000d\000i\000n\000g\000\040\000S\000t\000a\000t\000i\000c\000o\000\040\000e\000\040\000B\000i\000n\000d\000i\000n\000g\000\040\000D\000i\000n\000a\000m\000i\000c\000o}{section.11}% 41
\BOOKMARK [2][-]{subsection.11.3}{\376\377\000B\000i\000n\000d\000i\000n\000g\000\040\000D\000i\000n\000a\000m\000i\000c\000o}{section.11}% 42
\BOOKMARK [2][-]{subsection.11.4}{\376\377\000C\000o\000n\000v\000e\000r\000s\000i\000o\000n\000e\000\040\000d\000i\000\040\000t\000i\000p\000o}{section.11}% 43
\BOOKMARK [3][-]{subsubsection.11.4.1}{\376\377\000U\000p\000c\000a\000s\000t\000i\000n\000g}{subsection.11.4}% 44
\BOOKMARK [3][-]{subsubsection.11.4.2}{\376\377\000D\000o\000w\000n\000c\000a\000s\000t\000i\000n\000g}{subsection.11.4}% 45
\BOOKMARK [1][-]{section.12}{\376\377\000C\000l\000a\000s\000s\000e\000\040\000O\000b\000j\000e\000c\000t}{}% 46
\BOOKMARK [2][-]{subsection.12.1}{\376\377\000C\000l\000a\000s\000s\000e\000\040\000O\000b\000j\000e\000c\000t}{section.12}% 47
\BOOKMARK [2][-]{subsection.12.2}{\376\377\000M\000e\000t\000o\000d\000i\000\040\000d\000e\000l\000l\000a\000\040\000C\000l\000a\000s\000s\000e\000\040\000O\000b\000j\000e\000c\000t}{section.12}% 48
\BOOKMARK [3][-]{subsubsection.12.2.1}{\376\377\000M\000e\000t\000o\000d\000o\000\040\000e\000q\000u\000a\000l\000s\000\050\000\051}{subsection.12.2}% 49
\BOOKMARK [3][-]{subsubsection.12.2.2}{\376\377\000M\000e\000t\000o\000d\000o\000\040\000h\000a\000s\000h\000C\000o\000d\000e\000\050\000\051}{subsection.12.2}% 50
\BOOKMARK [3][-]{subsubsection.12.2.3}{\376\377\000M\000e\000t\000o\000d\000o\000\040\000t\000o\000S\000t\000r\000i\000n\000g\000\050\000\051}{subsection.12.2}% 51
\BOOKMARK [2][-]{subsection.12.3}{\376\377\000E\000n\000u\000m\000e\000r\000a\000z\000i\000o\000n\000i\000\040\000e\000\040\000O\000b\000j\000e\000c\000t}{section.12}% 52
\BOOKMARK [1][-]{section.13}{\376\377\000L\000i\000s\000t\000e}{}% 53
\BOOKMARK [2][-]{subsection.13.1}{\376\377\000A\000r\000r\000a\000y\000L\000i\000s\000t}{section.13}% 54
\BOOKMARK [1][-]{section.14}{\376\377\000I\000n\000t\000e\000r\000f\000a\000c\000c\000e}{}% 55
\BOOKMARK [2][-]{subsection.14.1}{\376\377\000C\000o\000n\000t\000r\000a\000t\000t\000o\000\040\000c\000o\000n\000\040\000l\000e\000\040\000I\000n\000t\000e\000r\000f\000a\000c\000c\000e}{section.14}% 56
\BOOKMARK [2][-]{subsection.14.2}{\376\377\000I\000n\000t\000e\000r\000f\000a\000c\000c\000e\000\040\000V\000S\000\040\000C\000l\000a\000s\000s\000i\000\040\000A\000s\000t\000r\000a\000t\000t\000e}{section.14}% 57
\BOOKMARK [2][-]{subsection.14.3}{\376\377\000R\000e\000a\000l\000a\000z\000i\000o\000n\000e\000\040\000t\000r\000a\000\040\000I\000n\000t\000e\000r\000f\000a\000c\000c\000e\000\040\000e\000\040\000C\000l\000a\000s\000s\000i}{section.14}% 58
\BOOKMARK [2][-]{subsection.14.4}{\376\377\000I\000n\000t\000e\000r\000f\000a\000c\000c\000e\000\040\000N\000o\000t\000e\000v\000o\000l\000i}{section.14}% 59
\BOOKMARK [2][-]{subsection.14.5}{\376\377\000E\000s\000e\000m\000p\000i\000o\000\040\000d\000i\000\040\000I\000n\000t\000e\000r\000f\000a\000c\000c\000i\000a}{section.14}% 60
\BOOKMARK [1][-]{section.15}{\376\377\000E\000c\000c\000e\000z\000i\000o\000n\000i}{}% 61
\BOOKMARK [2][-]{subsection.15.1}{\376\377\000E\000c\000c\000e\000z\000i\000o\000n\000i}{section.15}% 62
\BOOKMARK [2][-]{subsection.15.2}{\376\377\000B\000l\000o\000c\000c\000o\000\040\000T\000r\000y\000-\000C\000a\000t\000c\000h}{section.15}% 63
\BOOKMARK [2][-]{subsection.15.3}{\376\377\000E\000s\000e\000m\000p\000i\000o\000\040\000d\000i\000\040\000E\000c\000c\000e\000z\000i\000o\000n\000i\000\040\000C\000o\000n\000t\000r\000o\000l\000l\000a\000t\000e}{section.15}% 64
\BOOKMARK [2][-]{subsection.15.4}{\376\377\000E\000s\000e\000m\000p\000i\000o\000\040\000d\000i\000\040\000E\000c\000c\000e\000z\000i\000o\000n\000i\000\040\000N\000o\000n\000\040\000C\000o\000n\000t\000r\000o\000l\000l\000a\000t\000e}{section.15}% 65
\BOOKMARK [2][-]{subsection.15.5}{\376\377\000L\000a\000n\000c\000i\000o\000\040\000d\000i\000\040\000E\000c\000c\000e\000z\000i\000o\000n\000i}{section.15}% 66
\BOOKMARK [2][-]{subsection.15.6}{\376\377\000E\000c\000c\000e\000z\000i\000o\000n\000i\000\040\000P\000e\000r\000s\000o\000n\000a\000l\000i\000z\000z\000a\000t\000e}{section.15}% 67
\BOOKMARK [1][-]{section.16}{\376\377\000C\000o\000l\000l\000e\000z\000i\000o\000n\000i}{}% 68
\BOOKMARK [2][-]{subsection.16.1}{\376\377\000I\000t\000e\000r\000a\000t\000o\000r\000\040\000e\000\040\000I\000t\000e\000r\000a\000b\000l\000e}{section.16}% 69
\BOOKMARK [2][-]{subsection.16.2}{\376\377\000I\000t\000e\000r\000a\000r\000e\000\040\000s\000u\000l\000l\000e\000\040\000C\000o\000l\000l\000e\000z\000i\000o\000n\000i}{section.16}% 70
\BOOKMARK [2][-]{subsection.16.3}{\376\377\000L\000i\000s\000t}{section.16}% 71
\BOOKMARK [2][-]{subsection.16.4}{\376\377\000S\000e\000t}{section.16}% 72
\BOOKMARK [2][-]{subsection.16.5}{\376\377\000M\000a\000p}{section.16}% 73
\BOOKMARK [2][-]{subsection.16.6}{\376\377\000O\000r\000d\000i\000n\000a\000m\000e\000n\000t\000o\000\040\000n\000a\000t\000u\000r\000a\000l\000e}{section.16}% 74
\BOOKMARK [2][-]{subsection.16.7}{\376\377\000S\000t\000a\000c\000k\000\040\000e\000\040\000Q\000u\000e\000u\000e}{section.16}% 75
\BOOKMARK [2][-]{subsection.16.8}{\376\377\000A\000l\000b\000e\000r\000i}{section.16}% 76
\BOOKMARK [1][-]{section.17}{\376\377\000L\000a\000m\000b\000d\000a\000\040\000e\000\040\000P\000r\000o\000g\000r\000a\000m\000m\000a\000z\000i\000o\000n\000e\000\040\000F\000u\000n\000z\000i\000o\000n\000a\000l\000e}{}% 77
\BOOKMARK [1][-]{section.18}{\376\377\000S\000t\000r\000e\000a\000m\000\040\000A\000P\000I}{}% 78
\BOOKMARK [2][-]{subsection.18.1}{\376\377\000O\000p\000t\000i\000o\000n\000a\000l}{section.18}% 79
\BOOKMARK [2][-]{subsection.18.2}{\376\377\000S\000t\000r\000e\000a\000m}{section.18}% 80
\BOOKMARK [2][-]{subsection.18.3}{\376\377\000T\000i\000p\000i\000\040\000d\000i\000\040\000S\000t\000r\000e\000a\000m}{section.18}% 81
\BOOKMARK [2][-]{subsection.18.4}{\376\377\000S\000t\000r\000e\000a\000m\000\040\000v\000s\000\040\000C\000o\000l\000l\000e\000c\000t\000i\000o\000n}{section.18}% 82
\BOOKMARK [2][-]{subsection.18.5}{\376\377\000O\000p\000e\000r\000a\000z\000i\000o\000n\000i\000\040\000i\000n\000\040\000d\000e\000t\000t\000a\000g\000l\000i\000o}{section.18}% 83
\BOOKMARK [3][-]{subsubsection.18.5.1}{\376\377\000M\000i\000n\000\040\000e\000\040\000M\000a\000x}{subsection.18.5}% 84
\BOOKMARK [3][-]{subsubsection.18.5.2}{\376\377\000F\000i\000l\000t\000e\000r}{subsection.18.5}% 85
\BOOKMARK [3][-]{subsubsection.18.5.3}{\376\377\000c\000o\000u\000n\000t}{subsection.18.5}% 86
\BOOKMARK [3][-]{subsubsection.18.5.4}{\376\377\000s\000o\000r\000t\000e\000d}{subsection.18.5}% 87
\BOOKMARK [3][-]{subsubsection.18.5.5}{\376\377\000m\000a\000p}{subsection.18.5}% 88
\BOOKMARK [3][-]{subsubsection.18.5.6}{\376\377\000C\000o\000l\000l\000e\000c\000t}{subsection.18.5}% 89
\BOOKMARK [2][-]{subsection.18.6}{\376\377\000C\000o\000l\000l\000e\000c\000t\000o\000r\000s}{section.18}% 90
\BOOKMARK [3][-]{subsubsection.18.6.1}{\376\377\000t\000o\000M\000a\000p}{subsection.18.6}% 91
\BOOKMARK [3][-]{subsubsection.18.6.2}{\376\377\000g\000r\000o\000u\000p\000i\000n\000g\000B\000y}{subsection.18.6}% 92
\BOOKMARK [1][-]{section.19}{\376\377\000T\000i\000p\000i\000\040\000G\000e\000n\000e\000r\000i\000c\000i}{}% 93
\BOOKMARK [2][-]{subsection.19.1}{\376\377\000C\000l\000a\000s\000s\000e\000\040\000G\000e\000n\000e\000r\000i\000c\000a}{section.19}% 94
\BOOKMARK [2][-]{subsection.19.2}{\376\377\000M\000e\000t\000o\000d\000i\000\040\000G\000e\000n\000e\000r\000i\000c\000i}{section.19}% 95
\BOOKMARK [2][-]{subsection.19.3}{\376\377\000R\000e\000n\000d\000e\000r\000e\000\040\000s\000i\000c\000u\000r\000a\000\040\000u\000n\000a\000\040\000C\000o\000l\000l\000e\000c\000t\000i\000o\000n\000\040\000g\000e\000n\000e\000r\000i\000c\000a}{section.19}% 96
\BOOKMARK [3][-]{subsubsection.19.3.1}{\376\377\000J\000o\000l\000l\000y\000\040\000g\000e\000n\000e\000r\000i\000c\000i}{subsection.19.3}% 97
\BOOKMARK [3][-]{subsubsection.19.3.2}{\376\377\000I\000m\000p\000l\000e\000m\000e\000n\000t\000a\000z\000i\000o\000n\000e\000\040\000d\000e\000i\000\040\000g\000e\000n\000e\000r\000i\000c\000i}{subsection.19.3}% 98
\BOOKMARK [1][-]{section.20}{\376\377\000D\000e\000s\000i\000g\000n\000\040\000P\000a\000t\000t\000e\000r\000n}{}% 99
\BOOKMARK [2][-]{subsection.20.1}{\376\377\000C\000h\000e\000\040\000c\000o\000s\000'\000\351\000\040\000u\000n\000\040\000D\000e\000s\000i\000g\000n\000\040\000P\000a\000t\000t\000e\000r\000n\000?}{section.20}% 100
\BOOKMARK [2][-]{subsection.20.2}{\376\377\000S\000t\000r\000a\000t\000e\000g\000y\000\040\000P\000a\000t\000t\000e\000r\000n}{section.20}% 101
\BOOKMARK [3][-]{subsubsection.20.2.1}{\376\377\000Q\000u\000a\000n\000d\000o\000\040\000u\000t\000i\000l\000i\000z\000z\000a\000r\000e\000\040\000i\000l\000\040\000p\000a\000t\000t\000e\000r\000n\000\040\000S\000t\000r\000a\000t\000e\000g\000y}{subsection.20.2}% 102
\BOOKMARK [3][-]{subsubsection.20.2.2}{\376\377\000S\000t\000r\000u\000t\000t\000u\000r\000a\000\040\000d\000e\000l\000\040\000p\000a\000t\000t\000e\000r\000n\000\040\000S\000t\000r\000a\000t\000e\000g\000y}{subsection.20.2}% 103
\BOOKMARK [3][-]{subsubsection.20.2.3}{\376\377\000E\000s\000e\000m\000p\000i\000o\000\040\000d\000i\000\040\000u\000t\000i\000l\000i\000z\000z\000o\000\040\000d\000e\000l\000\040\000p\000a\000t\000t\000e\000r\000n\000\040\000S\000t\000r\000a\000t\000e\000g\000y}{subsection.20.2}% 104
\BOOKMARK [2][-]{subsection.20.3}{\376\377\000O\000b\000s\000e\000r\000v\000e\000r}{section.20}% 105
\BOOKMARK [3][-]{subsubsection.20.3.1}{\376\377\000S\000t\000r\000u\000t\000t\000u\000r\000a}{subsection.20.3}% 106
\BOOKMARK [3][-]{subsubsection.20.3.2}{\376\377\000E\000s\000e\000m\000p\000i\000o}{subsection.20.3}% 107
\BOOKMARK [2][-]{subsection.20.4}{\376\377\000F\000a\000c\000t\000o\000r\000y}{section.20}% 108
\BOOKMARK [3][-]{subsubsection.20.4.1}{\376\377\000S\000t\000r\000u\000t\000t\000u\000r\000a}{subsection.20.4}% 109
\BOOKMARK [3][-]{subsubsection.20.4.2}{\376\377\000e\000s\000e\000m\000p\000i\000o}{subsection.20.4}% 110
\BOOKMARK [2][-]{subsection.20.5}{\376\377\000S\000i\000n\000g\000l\000e\000t\000o\000n}{section.20}% 111
\BOOKMARK [3][-]{subsubsection.20.5.1}{\376\377\000S\000t\000r\000u\000t\000t\000u\000r\000a}{subsection.20.5}% 112
\BOOKMARK [3][-]{subsubsection.20.5.2}{\376\377\000e\000s\000e\000m\000p\000i\000o}{subsection.20.5}% 113
\BOOKMARK [2][-]{subsection.20.6}{\376\377\000D\000e\000c\000o\000r\000a\000t\000o\000r}{section.20}% 114
\BOOKMARK [3][-]{subsubsection.20.6.1}{\376\377\000S\000t\000r\000u\000t\000t\000u\000r\000a\000\040\000d\000e\000l\000\040\000p\000a\000t\000t\000e\000r\000n\000\040\000D\000e\000c\000o\000r\000a\000t\000o\000r}{subsection.20.6}% 115
\BOOKMARK [3][-]{subsubsection.20.6.2}{\376\377\000E\000s\000e\000m\000p\000i\000o\000\040\000d\000i\000\040\000u\000t\000i\000l\000i\000z\000z\000o\000\040\000d\000e\000l\000\040\000p\000a\000t\000t\000e\000r\000n\000\040\000D\000e\000c\000o\000r\000a\000t\000o\000r}{subsection.20.6}% 116
\BOOKMARK [2][-]{subsection.20.7}{\376\377\000c\000o\000m\000m\000a\000n\000d\000\040\000p\000a\000t\000t\000e\000r\000n}{section.20}% 117
\BOOKMARK [3][-]{subsubsection.20.7.1}{\376\377\000S\000t\000r\000u\000t\000t\000u\000r\000a}{subsection.20.7}% 118
\BOOKMARK [3][-]{subsubsection.20.7.2}{\376\377\000e\000s\000e\000m\000p\000i\000o}{subsection.20.7}% 119
\BOOKMARK [2][-]{subsection.20.8}{\376\377\000B\000u\000i\000l\000d\000e\000r}{section.20}% 120
\BOOKMARK [3][-]{subsubsection.20.8.1}{\376\377\000S\000t\000r\000u\000t\000t\000u\000r\000a}{subsection.20.8}% 121
\BOOKMARK [3][-]{subsubsection.20.8.2}{\376\377\000e\000s\000e\000m\000p\000i\000o}{subsection.20.8}% 122
